xcode-select: error: tool 'xcodebuild' requires Xcode, but active developer directory '/Library/Developer/CommandLineTools' is a command line tools instance

xcode-select: error: tool 'xcodebuild' requires Xcode, but active developer directory '/Library/Developer/CommandLineTools' is a command line tools instance

  CXX(target) Release/obj.target/uws/src/Extensions.o
./Release/.deps/Release/obj.target/uws/src/Extensions.o.d.raw Stats {
  dev: 16777218,
  mode: 33188,
  nlink: 1,
  uid: 501,
  gid: 20,
  rdev: 0,
  blksize: 4096,
  ino: 65692975,
  size: 87,
  blocks: 8,
  atimeMs: 1515083797000,
  mtimeMs: 1515083797000,
  ctimeMs: 1515083797000,
  birthtimeMs: 1515083797000,
  atime: 2018-01-04T16:36:37.000Z,
  mtime: 2018-01-04T16:36:37.000Z,
  ctime: 2018-01-04T16:36:37.000Z,
  birthtime: 2018-01-04T16:36:37.000Z }
  CXX(target) Release/obj.target/uws/src/Group.o
In file included from ../src/Group.cpp:2:
../src/Hub.h:43:92: error: chosen constructor is explicit in copy-initialization
    void connect(std::string uri, void *user = nullptr, std::map<std::string, std::string> extraHeaders = {}, int timeoutMs = 5000, Group<CLIENT> *eh = nullptr);
                                                                                           ^              ~~
/Library/Developer/CommandLineTools/usr/bin/../include/c++/v1/map:838:14: note: constructor declared here
    explicit map(const key_compare& __comp = key_compare())
             ^
../src/Hub.h:43:92: note: passing argument to parameter 'extraHeaders' here
    void connect(std::string uri, void *user = nullptr, std::map<std::string, std::string> extraHeaders = {}, int timeoutMs = 5000, Group<CLIENT> *eh = nullptr);
                                                                                           ^
../src/Hub.h:43:92: error: missing default argument on parameter 'extraHeaders'
    void connect(std::string uri, void *user = nullptr, std::map<std::string, std::string> extraHeaders = {}, int timeoutMs = 5000, Group<CLIENT> *eh = nullptr);
                                                                                           ^
2 errors generated.
make: *** [Release/obj.target/uws/src/Group.o] Error 1
gyp ERR! build error 
gyp ERR! stack Error: `make` failed with exit code: 2
gyp ERR! stack     at ChildProcess.onExit (/usr/local/lib/node_modules/npm/node_modules/node-gyp/lib/build.js:258:23)
gyp ERR! stack     at emitTwo (events.js:126:13)
gyp ERR! stack     at ChildProcess.emit (events.js:214:7)
gyp ERR! stack     at Process.ChildProcess._handle.onexit (internal/child_process.js:198:12)
gyp ERR! System Darwin 13.4.0
gyp ERR! command "/usr/local/bin/node" "/usr/local/lib/node_modules/npm/node_modules/node-gyp/bin/node-gyp.js" "rebuild"
gyp ERR! cwd /Users/Brian/Desktop/ANG/node_modules/uws
gyp ERR! node -v v8.9.0
gyp ERR! node-gyp -v v3.6.2
gyp ERR! not ok 
